<?xml version="1.0" encoding="UTF-8"?>
<!-- Generated by org.testng.reporters.JUnitXMLReporter -->
<testsuite hostname="HP" name="Default test" tests="9" failures="0" timestamp="12 Jan 2018 08:33:29 GMT" time="185.94" errors="0">
  <testcase name="vehicleAppTest_011" time="15.508" classname="velocityAndroidAppTest.velocityAppTest"/>
  <testcase name="vehicleAppTest_012" time="28.191" classname="velocityAndroidAppTest.velocityAppTest"/>
  <testcase name="vehicleAppTest_013" time="19.03" classname="velocityAndroidAppTest.velocityAppTest"/>
  <testcase name="vehicleAppTest_014" time="21.95" classname="velocityAndroidAppTest.velocityAppTest"/>
  <testcase name="vehicleAppTest_015" time="51.932" classname="velocityAndroidAppTest.velocityAppTest"/>
  <testcase name="vehicleAppTest_016" time="7.859" classname="velocityAndroidAppTest.velocityAppTest"/>
  <testcase name="vehicleAppTest_017" time="10.319" classname="velocityAndroidAppTest.velocityAppTest"/>
  <testcase name="vehicleAppTest_018" time="3.122" classname="velocityAndroidAppTest.velocityAppTest"/>
  <testcase name="vehicleAppTest_019" time="8.734" classname="velocityAndroidAppTest.velocityAppTest"/>
</testsuite> <!-- Default test -->
