<?xml version="1.0" encoding="UTF-8"?>
<!-- Generated by org.testng.reporters.JUnitXMLReporter -->
<testsuite hostname="HP" name="Default test" tests="4" failures="0" timestamp="15 Dec 2017 10:57:22 GMT" time="43.388" errors="0">
  <testcase name="vehicleCheckMenuTest_001" time="25.003" classname="velocityCheckHome.VelocityTestSuite_001"/>
  <testcase name="vehicleCheckTileTest_002" time="4.942" classname="velocityCheckHome.VelocityTestSuite_001"/>
  <testcase name="vehicleCheckTileTest_003" time="1.645" classname="velocityCheckHome.VelocityTestSuite_001"/>
  <testcase name="vehiclesTileTest_004" time="2.648" classname="velocityCheckHome.VelocityTestSuite_001"/>
</testsuite> <!-- Default test -->
