<?xml version="1.0" encoding="UTF-8"?>
<!-- Generated by org.testng.reporters.JUnitXMLReporter -->
<testsuite hostname="HP" name="Test" tests="7" failures="0" timestamp="18 Dec 2017 06:27:10 GMT" time="61.553" errors="0">
  <testcase name="vehicleCheckMenuTest_001" time="8.072" classname="velocityTestScript.VelocityTest_001"/>
  <testcase name="vehicleCheckTileTest_002" time="6.115" classname="velocityTestScript.VelocityTest_001"/>
  <testcase name="vehicleCheckTileTest_003" time="15.421" classname="velocityTestScript.VelocityTest_001"/>
  <testcase name="vehiclesTileTest_004" time="4.25" classname="velocityTestScript.VelocityTest_001"/>
  <testcase name="vehiclesaddButtonPopupTest_005" time="4.146" classname="velocityTestScript.VelocityTest_001"/>
  <testcase name="vehiclesaddButtonPopupTest_007" time="4.418" classname="velocityTestScript.VelocityTest_001"/>
  <testcase name="vehiclesaddButtonPopupTest_008" time="2.692" classname="velocityTestScript.VelocityTest_001"/>
</testsuite> <!-- Test -->
