<?xml version="1.0" encoding="UTF-8"?>
<testng-results skipped="0" failed="0" total="1" passed="1">
  <reporter-output>
  </reporter-output>
  <suite name="Default suite" duration-ms="4961" started-at="2018-07-30T10:23:09Z" finished-at="2018-07-30T10:23:14Z">
    <groups>
    </groups>
    <test name="Default test" duration-ms="4961" started-at="2018-07-30T10:23:09Z" finished-at="2018-07-30T10:23:14Z">
      <class name="restAPITest.SimpleGetTest">
        <test-method status="PASS" signature="GetWeatherDetails()[pri:0, instance:restAPITest.SimpleGetTest@5700d6b1]" name="GetWeatherDetails" duration-ms="4930" started-at="2018-07-30T15:53:09Z" finished-at="2018-07-30T15:53:14Z">
          <reporter-output>
          </reporter-output>
        </test-method> <!-- GetWeatherDetails -->
      </class> <!-- restAPITest.SimpleGetTest -->
    </test> <!-- Default test -->
  </suite> <!-- Default suite -->
</testng-results>
