<?xml version="1.0" encoding="UTF-8"?>
<testng-results skipped="0" failed="0" total="2" passed="2">
  <reporter-output>
  </reporter-output>
  <suite name="Suite" duration-ms="32175" started-at="2017-12-13T13:13:24Z" finished-at="2017-12-13T13:13:56Z">
    <groups>
    </groups>
    <test name="Test" duration-ms="32175" started-at="2017-12-13T13:13:24Z" finished-at="2017-12-13T13:13:56Z">
      <class name="velocityCheckHome.VelocityTestSuite_001">
        <test-method status="PASS" signature="launch()[pri:0, instance:velocityCheckHome.VelocityTestSuite_001@754ba872]" name="launch" is-config="true" duration-ms="18157" started-at="2017-12-13T18:43:24Z" finished-at="2017-12-13T18:43:42Z">
          <reporter-output>
          </reporter-output>
        </test-method> <!-- launch -->
        <test-method status="PASS" signature="vehicleCheckMenuTest_001()[pri:0, instance:velocityCheckHome.VelocityTestSuite_001@754ba872]" name="vehicleCheckMenuTest_001" duration-ms="8670" started-at="2017-12-13T18:43:42Z" finished-at="2017-12-13T18:43:51Z">
          <reporter-output>
          </reporter-output>
        </test-method> <!-- vehicleCheckMenuTest_001 -->
        <test-method status="PASS" signature="vehicleCheckTileTest_002()[pri:0, instance:velocityCheckHome.VelocityTestSuite_001@754ba872]" name="vehicleCheckTileTest_002" duration-ms="4791" started-at="2017-12-13T18:43:51Z" finished-at="2017-12-13T18:43:56Z">
          <reporter-output>
          </reporter-output>
        </test-method> <!-- vehicleCheckTileTest_002 -->
        <test-method status="PASS" signature="crash()[pri:0, instance:velocityCheckHome.VelocityTestSuite_001@754ba872]" name="crash" is-config="true" duration-ms="525" started-at="2017-12-13T18:43:56Z" finished-at="2017-12-13T18:43:56Z">
          <reporter-output>
          </reporter-output>
        </test-method> <!-- crash -->
      </class> <!-- velocityCheckHome.VelocityTestSuite_001 -->
    </test> <!-- Test -->
  </suite> <!-- Suite -->
</testng-results>
