<?xml version="1.0" encoding="UTF-8"?>
<!-- Generated by org.testng.reporters.JUnitReportReporter -->
<testsuite hostname="HP" name="velocityCheckHome.VelocityTestSuite_001" tests="3" failures="0" timestamp="13 Dec 2017 13:19:25 GMT" time="53.913" errors="0">
  <testcase name="manageFleetTileTest_003" time="40.788" classname="velocityCheckHome.VelocityTestSuite_001"/>
  <testcase name="vehicleCheckMenuTest_001" time="5.872" classname="velocityCheckHome.VelocityTestSuite_001"/>
  <testcase name="vehicleCheckTileTest_002" time="7.253" classname="velocityCheckHome.VelocityTestSuite_001"/>
</testsuite> <!-- velocityCheckHome.VelocityTestSuite_001 -->
